<?xml version="1.0" encoding="UTF-8"?>
<!-- Generated by org.testng.reporters.JUnitXMLReporter -->
<testsuite ignored="1" hostname="DESKTOP-H7Q0JRS" failures="1" tests="1" name="Add Random Products To Cart" time="5.11" errors="0" timestamp="2024-01-25T01:43:21 EET">
  <testcase classname="testcases.TC02_Products" name="AddRandomProductsToCart_P" time="3.758">
    <failure type="java.lang.AssertionError" message="expected [49.990005] but found [49.99]">
      <![CDATA[java.lang.AssertionError: expected [49.990005] but found [49.99]
at testcases.TC02_Products.AddRandomProductsToCart_P(TC02_Products.java:74)
at java.base/java.util.ArrayList.forEach(ArrayList.java:1511)
at com.intellij.rt.testng.IDEARemoteTestNG.run(IDEARemoteTestNG.java:66)
at com.intellij.rt.testng.RemoteTestNGStarter.main(RemoteTestNGStarter.java:105)
... Removed 29 stack frames]]>
    </failure>
  </testcase> <!-- AddRandomProductsToCart_P -->
  <testcase classname="testcases.TC02_Products" name="AddProductsToCart_P" time="0.0">
    <ignored/>
  </testcase> <!-- AddProductsToCart_P -->
</testsuite> <!-- Add Random Products To Cart -->
